Creating test database for alias 'default'...
System check identified some issues:

WARNINGS:
?: settings.ACCOUNT_USERNAME_REQUIRED is deprecated, use: settings.ACCOUNT_SIGNUP_FIELDS = ['email*', 'password1*', 'password2*']

System check identified 1 issue (0 silenced).
/home/mauri/uni/antigravity/asistencias/asistencias.2/.venv/lib/python3.12/site-packages/django/db/models/fields/__init__.py:1670: RuntimeWarning: DateTimeField Clase.hora_inicio received a naive datetime (2025-12-28 22:26:50.690614) while time zone support is active.
  warnings.warn(
/home/mauri/uni/antigravity/asistencias/asistencias.2/.venv/lib/python3.12/site-packages/django/db/models/fields/__init__.py:1670: RuntimeWarning: DateTimeField Clase.hora_fin received a naive datetime (2025-12-28 22:26:50.690619) while time zone support is active.
  warnings.warn(
/home/mauri/uni/antigravity/asistencias/asistencias.2/.venv/lib/python3.12/site-packages/django/core/handlers/base.py:62: UserWarning: No directory at: /home/mauri/uni/antigravity/asistencias/asistencias.2/staticfiles/
  mw_instance = middleware(adapted_handler)
./home/mauri/uni/antigravity/asistencias/asistencias.2/.venv/lib/python3.12/site-packages/django/db/models/fields/__init__.py:1670: RuntimeWarning: DateTimeField Clase.hora_inicio received a naive datetime (2025-12-28 22:27:05.481900) while time zone support is active.
  warnings.warn(
/home/mauri/uni/antigravity/asistencias/asistencias.2/.venv/lib/python3.12/site-packages/django/db/models/fields/__init__.py:1670: RuntimeWarning: DateTimeField Clase.hora_fin received a naive datetime (2025-12-28 22:27:05.481906) while time zone support is active.
  warnings.warn(
./home/mauri/uni/antigravity/asistencias/asistencias.2/.venv/lib/python3.12/site-packages/django/db/models/fields/__init__.py:1670: RuntimeWarning: DateTimeField Clase.hora_inicio received a naive datetime (2025-12-28 22:27:26.838749) while time zone support is active.
  warnings.warn(
/home/mauri/uni/antigravity/asistencias/asistencias.2/.venv/lib/python3.12/site-packages/django/db/models/fields/__init__.py:1670: RuntimeWarning: DateTimeField Clase.hora_fin received a naive datetime (2025-12-28 22:27:26.838754) while time zone support is active.
  warnings.warn(
./home/mauri/uni/antigravity/asistencias/asistencias.2/.venv/lib/python3.12/site-packages/django/db/models/fields/__init__.py:1670: RuntimeWarning: DateTimeField Clase.hora_inicio received a naive datetime (2025-12-28 22:27:48.542917) while time zone support is active.
  warnings.warn(
/home/mauri/uni/antigravity/asistencias/asistencias.2/.venv/lib/python3.12/site-packages/django/db/models/fields/__init__.py:1670: RuntimeWarning: DateTimeField Clase.hora_fin received a naive datetime (2025-12-28 22:27:48.542920) while time zone support is active.
  warnings.warn(
./home/mauri/uni/antigravity/asistencias/asistencias.2/.venv/lib/python3.12/site-packages/django/db/models/fields/__init__.py:1670: RuntimeWarning: DateTimeField Clase.hora_inicio received a naive datetime (2025-12-28 22:28:10.803042) while time zone support is active.
  warnings.warn(
/home/mauri/uni/antigravity/asistencias/asistencias.2/.venv/lib/python3.12/site-packages/django/db/models/fields/__init__.py:1670: RuntimeWarning: DateTimeField Clase.hora_fin received a naive datetime (2025-12-28 22:28:10.803047) while time zone support is active.
  warnings.warn(
./home/mauri/uni/antigravity/asistencias/asistencias.2/.venv/lib/python3.12/site-packages/django/db/models/fields/__init__.py:1670: RuntimeWarning: DateTimeField Clase.hora_inicio received a naive datetime (2025-12-28 22:28:31.089732) while time zone support is active.
  warnings.warn(
/home/mauri/uni/antigravity/asistencias/asistencias.2/.venv/lib/python3.12/site-packages/django/db/models/fields/__init__.py:1670: RuntimeWarning: DateTimeField Clase.hora_fin received a naive datetime (2025-12-28 22:28:31.089737) while time zone support is active.
  warnings.warn(
E/home/mauri/uni/antigravity/asistencias/asistencias.2/.venv/lib/python3.12/site-packages/django/db/models/fields/__init__.py:1670: RuntimeWarning: DateTimeField Clase.hora_inicio received a naive datetime (2025-12-28 22:28:52.677081) while time zone support is active.
  warnings.warn(
/home/mauri/uni/antigravity/asistencias/asistencias.2/.venv/lib/python3.12/site-packages/django/db/models/fields/__init__.py:1670: RuntimeWarning: DateTimeField Clase.hora_fin received a naive datetime (2025-12-28 22:28:52.677086) while time zone support is active.
  warnings.warn(
.
======================================================================
ERROR: test_referente_write_restrictions (asistencias.tests.test_roles.RoleTests.test_referente_write_restrictions)
----------------------------------------------------------------------
Traceback (most recent call last):
  File "/home/mauri/uni/antigravity/asistencias/asistencias.2/asistencias/tests/test_roles.py", line 85, in test_referente_write_restrictions
    response = self.client.get(reverse('asistencias:crear_diplomatura'))
               ^^^^^^^^^^^^^^^^^^^^^^^^^^^^^^^^^^^^^^^^^^^^^^^^^^^^^^^^^
  File "/home/mauri/uni/antigravity/asistencias/asistencias.2/.venv/lib/python3.12/site-packages/django/test/client.py", line 1124, in get
    response = super().get(
               ^^^^^^^^^^^^
  File "/home/mauri/uni/antigravity/asistencias/asistencias.2/.venv/lib/python3.12/site-packages/django/test/client.py", line 475, in get
    return self.generic(
           ^^^^^^^^^^^^^
  File "/home/mauri/uni/antigravity/asistencias/asistencias.2/.venv/lib/python3.12/site-packages/django/test/client.py", line 671, in generic
    return self.request(**r)
           ^^^^^^^^^^^^^^^^^
  File "/home/mauri/uni/antigravity/asistencias/asistencias.2/.venv/lib/python3.12/site-packages/django/test/client.py", line 1087, in request
    self.check_exception(response)
  File "/home/mauri/uni/antigravity/asistencias/asistencias.2/.venv/lib/python3.12/site-packages/django/test/client.py", line 802, in check_exception
    raise exc_value
  File "/home/mauri/uni/antigravity/asistencias/asistencias.2/.venv/lib/python3.12/site-packages/django/core/handlers/exception.py", line 55, in inner
    response = get_response(request)
               ^^^^^^^^^^^^^^^^^^^^^
  File "/home/mauri/uni/antigravity/asistencias/asistencias.2/.venv/lib/python3.12/site-packages/django/core/handlers/base.py", line 198, in _get_response
    response = wrapped_callback(request, *callback_args, **callback_kwargs)
               ^^^^^^^^^^^^^^^^^^^^^^^^^^^^^^^^^^^^^^^^^^^^^^^^^^^^^^^^^^^^
  File "/home/mauri/uni/antigravity/asistencias/asistencias.2/.venv/lib/python3.12/site-packages/django/contrib/auth/decorators.py", line 59, in _view_wrapper
    return view_func(request, *args, **kwargs)
           ^^^^^^^^^^^^^^^^^^^^^^^^^^^^^^^^^^^
  File "/home/mauri/uni/antigravity/asistencias/asistencias.2/asistencias/permissions.py", line 10, in _wrapped
    return view(request, *args, **kwargs)
           ^^^^^^^^^^^^^^^^^^^^^^^^^^^^^^
  File "/home/mauri/uni/antigravity/asistencias/asistencias.2/asistencias/views/coordinador.py", line 11, in crear_diplomatura
    return HttpResponseForbidden("No ten√©s permisos para crear diplomaturas.")
           ^^^^^^^^^^^^^^^^^^^^^
NameError: name 'HttpResponseForbidden' is not defined

----------------------------------------------------------------------
Ran 7 tests in 146.929s

FAILED (errors=1)
Destroying test database for alias 'default'...
Found 7 test(s).
