Creating test database for alias 'default'...
System check identified some issues:

WARNINGS:
?: settings.ACCOUNT_USERNAME_REQUIRED is deprecated, use: settings.ACCOUNT_SIGNUP_FIELDS = ['email*', 'password1*', 'password2*']

System check identified 1 issue (0 silenced).
/home/mauri/uni/antigravity/asistencias/asistencias.2/.venv/lib/python3.12/site-packages/django/db/models/fields/__init__.py:1670: RuntimeWarning: DateTimeField Clase.hora_inicio received a naive datetime (2025-12-29 02:16:50.227156) while time zone support is active.
  warnings.warn(
/home/mauri/uni/antigravity/asistencias/asistencias.2/.venv/lib/python3.12/site-packages/django/db/models/fields/__init__.py:1670: RuntimeWarning: DateTimeField Clase.hora_fin received a naive datetime (2025-12-29 02:16:50.227166) while time zone support is active.
  warnings.warn(
/home/mauri/uni/antigravity/asistencias/asistencias.2/.venv/lib/python3.12/site-packages/django/core/handlers/base.py:62: UserWarning: No directory at: /home/mauri/uni/antigravity/asistencias/asistencias.2/staticfiles/
  mw_instance = middleware(adapted_handler)
./home/mauri/uni/antigravity/asistencias/asistencias.2/.venv/lib/python3.12/site-packages/django/db/models/fields/__init__.py:1670: RuntimeWarning: DateTimeField Clase.hora_inicio received a naive datetime (2025-12-29 02:17:15.452821) while time zone support is active.
  warnings.warn(
/home/mauri/uni/antigravity/asistencias/asistencias.2/.venv/lib/python3.12/site-packages/django/db/models/fields/__init__.py:1670: RuntimeWarning: DateTimeField Clase.hora_fin received a naive datetime (2025-12-29 02:17:15.452826) while time zone support is active.
  warnings.warn(
E/home/mauri/uni/antigravity/asistencias/asistencias.2/.venv/lib/python3.12/site-packages/django/db/models/fields/__init__.py:1670: RuntimeWarning: DateTimeField Clase.hora_inicio received a naive datetime (2025-12-29 02:17:37.609658) while time zone support is active.
  warnings.warn(
/home/mauri/uni/antigravity/asistencias/asistencias.2/.venv/lib/python3.12/site-packages/django/db/models/fields/__init__.py:1670: RuntimeWarning: DateTimeField Clase.hora_fin received a naive datetime (2025-12-29 02:17:37.609665) while time zone support is active.
  warnings.warn(
E/home/mauri/uni/antigravity/asistencias/asistencias.2/.venv/lib/python3.12/site-packages/django/db/models/fields/__init__.py:1670: RuntimeWarning: DateTimeField Clase.hora_inicio received a naive datetime (2025-12-29 02:17:56.215875) while time zone support is active.
  warnings.warn(
/home/mauri/uni/antigravity/asistencias/asistencias.2/.venv/lib/python3.12/site-packages/django/db/models/fields/__init__.py:1670: RuntimeWarning: DateTimeField Clase.hora_fin received a naive datetime (2025-12-29 02:17:56.215878) while time zone support is active.
  warnings.warn(
E/home/mauri/uni/antigravity/asistencias/asistencias.2/.venv/lib/python3.12/site-packages/django/db/models/fields/__init__.py:1670: RuntimeWarning: DateTimeField Clase.hora_inicio received a naive datetime (2025-12-29 02:18:12.685656) while time zone support is active.
  warnings.warn(
/home/mauri/uni/antigravity/asistencias/asistencias.2/.venv/lib/python3.12/site-packages/django/db/models/fields/__init__.py:1670: RuntimeWarning: DateTimeField Clase.hora_fin received a naive datetime (2025-12-29 02:18:12.685662) while time zone support is active.
  warnings.warn(
E/home/mauri/uni/antigravity/asistencias/asistencias.2/.venv/lib/python3.12/site-packages/django/db/models/fields/__init__.py:1670: RuntimeWarning: DateTimeField Clase.hora_inicio received a naive datetime (2025-12-29 02:18:28.922253) while time zone support is active.
  warnings.warn(
/home/mauri/uni/antigravity/asistencias/asistencias.2/.venv/lib/python3.12/site-packages/django/db/models/fields/__init__.py:1670: RuntimeWarning: DateTimeField Clase.hora_fin received a naive datetime (2025-12-29 02:18:28.922259) while time zone support is active.
  warnings.warn(
./home/mauri/uni/antigravity/asistencias/asistencias.2/.venv/lib/python3.12/site-packages/django/db/models/fields/__init__.py:1670: RuntimeWarning: DateTimeField Clase.hora_inicio received a naive datetime (2025-12-29 02:18:46.405885) while time zone support is active.
  warnings.warn(
/home/mauri/uni/antigravity/asistencias/asistencias.2/.venv/lib/python3.12/site-packages/django/db/models/fields/__init__.py:1670: RuntimeWarning: DateTimeField Clase.hora_fin received a naive datetime (2025-12-29 02:18:46.405889) while time zone support is active.
  warnings.warn(
E/home/mauri/uni/antigravity/asistencias/asistencias.2/.venv/lib/python3.12/site-packages/django/db/models/fields/__init__.py:1670: RuntimeWarning: DateTimeField Clase.hora_inicio received a naive datetime (2025-12-29 02:19:03.193937) while time zone support is active.
  warnings.warn(
/home/mauri/uni/antigravity/asistencias/asistencias.2/.venv/lib/python3.12/site-packages/django/db/models/fields/__init__.py:1670: RuntimeWarning: DateTimeField Clase.hora_fin received a naive datetime (2025-12-29 02:19:03.193942) while time zone support is active.
  warnings.warn(
E/home/mauri/uni/antigravity/asistencias/asistencias.2/.venv/lib/python3.12/site-packages/django/db/models/fields/__init__.py:1670: RuntimeWarning: DateTimeField Clase.hora_inicio received a naive datetime (2025-12-29 02:19:20.170443) while time zone support is active.
  warnings.warn(
/home/mauri/uni/antigravity/asistencias/asistencias.2/.venv/lib/python3.12/site-packages/django/db/models/fields/__init__.py:1670: RuntimeWarning: DateTimeField Clase.hora_fin received a naive datetime (2025-12-29 02:19:20.170449) while time zone support is active.
  warnings.warn(
./home/mauri/uni/antigravity/asistencias/asistencias.2/.venv/lib/python3.12/site-packages/django/db/models/fields/__init__.py:1670: RuntimeWarning: DateTimeField Clase.hora_inicio received a naive datetime (2025-12-29 02:19:36.435581) while time zone support is active.
  warnings.warn(
/home/mauri/uni/antigravity/asistencias/asistencias.2/.venv/lib/python3.12/site-packages/django/db/models/fields/__init__.py:1670: RuntimeWarning: DateTimeField Clase.hora_fin received a naive datetime (2025-12-29 02:19:36.435585) while time zone support is active.
  warnings.warn(
E
======================================================================
ERROR: test_referente_calendar_access (asistencias.tests.test_roles.RoleTests.test_referente_calendar_access)
----------------------------------------------------------------------
Traceback (most recent call last):
  File "/home/mauri/uni/antigravity/asistencias/asistencias.2/.venv/lib/python3.12/site-packages/django/template/base.py", line 577, in parse
    compile_func = self.tags[command]
                   ~~~~~~~~~^^^^^^^^^
KeyError: 'endif'

During handling of the above exception, another exception occurred:

Traceback (most recent call last):
  File "/home/mauri/uni/antigravity/asistencias/asistencias.2/asistencias/tests/test_roles.py", line 52, in test_referente_calendar_access
    response = self.client.get(reverse('asistencias:calendario_referente', args=[self.diplo.id]))
               ^^^^^^^^^^^^^^^^^^^^^^^^^^^^^^^^^^^^^^^^^^^^^^^^^^^^^^^^^^^^^^^^^^^^^^^^^^^^^^^^^^
  File "/home/mauri/uni/antigravity/asistencias/asistencias.2/.venv/lib/python3.12/site-packages/django/test/client.py", line 1124, in get
    response = super().get(
               ^^^^^^^^^^^^
  File "/home/mauri/uni/antigravity/asistencias/asistencias.2/.venv/lib/python3.12/site-packages/django/test/client.py", line 475, in get
    return self.generic(
           ^^^^^^^^^^^^^
  File "/home/mauri/uni/antigravity/asistencias/asistencias.2/.venv/lib/python3.12/site-packages/django/test/client.py", line 671, in generic
    return self.request(**r)
           ^^^^^^^^^^^^^^^^^
  File "/home/mauri/uni/antigravity/asistencias/asistencias.2/.venv/lib/python3.12/site-packages/django/test/client.py", line 1087, in request
    self.check_exception(response)
  File "/home/mauri/uni/antigravity/asistencias/asistencias.2/.venv/lib/python3.12/site-packages/django/test/client.py", line 802, in check_exception
    raise exc_value
  File "/home/mauri/uni/antigravity/asistencias/asistencias.2/.venv/lib/python3.12/site-packages/django/core/handlers/exception.py", line 55, in inner
    response = get_response(request)
               ^^^^^^^^^^^^^^^^^^^^^
  File "/home/mauri/uni/antigravity/asistencias/asistencias.2/.venv/lib/python3.12/site-packages/django/core/handlers/base.py", line 198, in _get_response
    response = wrapped_callback(request, *callback_args, **callback_kwargs)
               ^^^^^^^^^^^^^^^^^^^^^^^^^^^^^^^^^^^^^^^^^^^^^^^^^^^^^^^^^^^^
  File "/home/mauri/uni/antigravity/asistencias/asistencias.2/.venv/lib/python3.12/site-packages/django/contrib/auth/decorators.py", line 59, in _view_wrapper
    return view_func(request, *args, **kwargs)
           ^^^^^^^^^^^^^^^^^^^^^^^^^^^^^^^^^^^
  File "/home/mauri/uni/antigravity/asistencias/asistencias.2/asistencias/permissions.py", line 10, in _wrapped
    return view(request, *args, **kwargs)
           ^^^^^^^^^^^^^^^^^^^^^^^^^^^^^^
  File "/home/mauri/uni/antigravity/asistencias/asistencias.2/asistencias/views/referente.py", line 45, in calendario_referente
    return render(request, 'asistencias/calendario.html', {
           ^^^^^^^^^^^^^^^^^^^^^^^^^^^^^^^^^^^^^^^^^^^^^^^^
  File "/home/mauri/uni/antigravity/asistencias/asistencias.2/.venv/lib/python3.12/site-packages/django/shortcuts.py", line 25, in render
    content = loader.render_to_string(template_name, context, request, using=using)
              ^^^^^^^^^^^^^^^^^^^^^^^^^^^^^^^^^^^^^^^^^^^^^^^^^^^^^^^^^^^^^^^^^^^^^
  File "/home/mauri/uni/antigravity/asistencias/asistencias.2/.venv/lib/python3.12/site-packages/django/template/loader.py", line 62, in render_to_string
    return template.render(context, request)
           ^^^^^^^^^^^^^^^^^^^^^^^^^^^^^^^^^
  File "/home/mauri/uni/antigravity/asistencias/asistencias.2/.venv/lib/python3.12/site-packages/django/template/backends/django.py", line 107, in render
    return self.template.render(context)
           ^^^^^^^^^^^^^^^^^^^^^^^^^^^^^
  File "/home/mauri/uni/antigravity/asistencias/asistencias.2/.venv/lib/python3.12/site-packages/django/template/base.py", line 174, in render
    return self._render(context)
           ^^^^^^^^^^^^^^^^^^^^^
  File "/home/mauri/uni/antigravity/asistencias/asistencias.2/.venv/lib/python3.12/site-packages/django/test/utils.py", line 114, in instrumented_test_render
    return self.nodelist.render(context)
           ^^^^^^^^^^^^^^^^^^^^^^^^^^^^^
  File "/home/mauri/uni/antigravity/asistencias/asistencias.2/.venv/lib/python3.12/site-packages/django/template/base.py", line 1091, in render
    return SafeString("".join([node.render_annotated(context) for node in self]))
                               ^^^^^^^^^^^^^^^^^^^^^^^^^^^^^^
  File "/home/mauri/uni/antigravity/asistencias/asistencias.2/.venv/lib/python3.12/site-packages/django/template/base.py", line 1052, in render_annotated
    return self.render(context)
           ^^^^^^^^^^^^^^^^^^^^
  File "/home/mauri/uni/antigravity/asistencias/asistencias.2/.venv/lib/python3.12/site-packages/django/template/loader_tags.py", line 135, in render
    compiled_parent = self.get_parent(context)
                      ^^^^^^^^^^^^^^^^^^^^^^^^
  File "/home/mauri/uni/antigravity/asistencias/asistencias.2/.venv/lib/python3.12/site-packages/django/template/loader_tags.py", line 132, in get_parent
    return self.find_template(parent, context)
           ^^^^^^^^^^^^^^^^^^^^^^^^^^^^^^^^^^^
  File "/home/mauri/uni/antigravity/asistencias/asistencias.2/.venv/lib/python3.12/site-packages/django/template/loader_tags.py", line 110, in find_template
    template, origin = context.template.engine.find_template(
                       ^^^^^^^^^^^^^^^^^^^^^^^^^^^^^^^^^^^^^^
  File "/home/mauri/uni/antigravity/asistencias/asistencias.2/.venv/lib/python3.12/site-packages/django/template/engine.py", line 159, in find_template
    template = loader.get_template(name, skip=skip)
               ^^^^^^^^^^^^^^^^^^^^^^^^^^^^^^^^^^^^
  File "/home/mauri/uni/antigravity/asistencias/asistencias.2/.venv/lib/python3.12/site-packages/django/template/loaders/cached.py", line 57, in get_template
    template = super().get_template(template_name, skip)
               ^^^^^^^^^^^^^^^^^^^^^^^^^^^^^^^^^^^^^^^^^
  File "/home/mauri/uni/antigravity/asistencias/asistencias.2/.venv/lib/python3.12/site-packages/django/template/loaders/base.py", line 28, in get_template
    return Template(
           ^^^^^^^^^
  File "/home/mauri/uni/antigravity/asistencias/asistencias.2/.venv/lib/python3.12/site-packages/django/template/base.py", line 157, in __init__
    self.nodelist = self.compile_nodelist()
                    ^^^^^^^^^^^^^^^^^^^^^^^
  File "/home/mauri/uni/antigravity/asistencias/asistencias.2/.venv/lib/python3.12/site-packages/django/template/base.py", line 199, in compile_nodelist
    nodelist = parser.parse()
               ^^^^^^^^^^^^^^
  File "/home/mauri/uni/antigravity/asistencias/asistencias.2/.venv/lib/python3.12/site-packages/django/template/base.py", line 579, in parse
    self.invalid_block_tag(token, command, parse_until)
  File "/home/mauri/uni/antigravity/asistencias/asistencias.2/.venv/lib/python3.12/site-packages/django/template/base.py", line 644, in invalid_block_tag
    raise self.error(
django.template.exceptions.TemplateSyntaxError: Template: /home/mauri/uni/antigravity/asistencias/asistencias.2/templates/base.html, Invalid block tag on line 63: 'endif'. Did you forget to register or load this tag?

======================================================================
ERROR: test_referente_calendar_stats (asistencias.tests.test_roles.RoleTests.test_referente_calendar_stats)
----------------------------------------------------------------------
Traceback (most recent call last):
  File "/home/mauri/uni/antigravity/asistencias/asistencias.2/.venv/lib/python3.12/site-packages/django/template/base.py", line 577, in parse
    compile_func = self.tags[command]
                   ~~~~~~~~~^^^^^^^^^
KeyError: 'endif'

During handling of the above exception, another exception occurred:

Traceback (most recent call last):
  File "/home/mauri/uni/antigravity/asistencias/asistencias.2/asistencias/tests/test_roles.py", line 116, in test_referente_calendar_stats
    response = self.client.get(reverse('asistencias:calendario_referente', args=[self.diplo.id]))
               ^^^^^^^^^^^^^^^^^^^^^^^^^^^^^^^^^^^^^^^^^^^^^^^^^^^^^^^^^^^^^^^^^^^^^^^^^^^^^^^^^^
  File "/home/mauri/uni/antigravity/asistencias/asistencias.2/.venv/lib/python3.12/site-packages/django/test/client.py", line 1124, in get
    response = super().get(
               ^^^^^^^^^^^^
  File "/home/mauri/uni/antigravity/asistencias/asistencias.2/.venv/lib/python3.12/site-packages/django/test/client.py", line 475, in get
    return self.generic(
           ^^^^^^^^^^^^^
  File "/home/mauri/uni/antigravity/asistencias/asistencias.2/.venv/lib/python3.12/site-packages/django/test/client.py", line 671, in generic
    return self.request(**r)
           ^^^^^^^^^^^^^^^^^
  File "/home/mauri/uni/antigravity/asistencias/asistencias.2/.venv/lib/python3.12/site-packages/django/test/client.py", line 1087, in request
    self.check_exception(response)
  File "/home/mauri/uni/antigravity/asistencias/asistencias.2/.venv/lib/python3.12/site-packages/django/test/client.py", line 802, in check_exception
    raise exc_value
  File "/home/mauri/uni/antigravity/asistencias/asistencias.2/.venv/lib/python3.12/site-packages/django/core/handlers/exception.py", line 55, in inner
    response = get_response(request)
               ^^^^^^^^^^^^^^^^^^^^^
  File "/home/mauri/uni/antigravity/asistencias/asistencias.2/.venv/lib/python3.12/site-packages/django/core/handlers/base.py", line 198, in _get_response
    response = wrapped_callback(request, *callback_args, **callback_kwargs)
               ^^^^^^^^^^^^^^^^^^^^^^^^^^^^^^^^^^^^^^^^^^^^^^^^^^^^^^^^^^^^
  File "/home/mauri/uni/antigravity/asistencias/asistencias.2/.venv/lib/python3.12/site-packages/django/contrib/auth/decorators.py", line 59, in _view_wrapper
    return view_func(request, *args, **kwargs)
           ^^^^^^^^^^^^^^^^^^^^^^^^^^^^^^^^^^^
  File "/home/mauri/uni/antigravity/asistencias/asistencias.2/asistencias/permissions.py", line 10, in _wrapped
    return view(request, *args, **kwargs)
           ^^^^^^^^^^^^^^^^^^^^^^^^^^^^^^
  File "/home/mauri/uni/antigravity/asistencias/asistencias.2/asistencias/views/referente.py", line 45, in calendario_referente
    return render(request, 'asistencias/calendario.html', {
           ^^^^^^^^^^^^^^^^^^^^^^^^^^^^^^^^^^^^^^^^^^^^^^^^
  File "/home/mauri/uni/antigravity/asistencias/asistencias.2/.venv/lib/python3.12/site-packages/django/shortcuts.py", line 25, in render
    content = loader.render_to_string(template_name, context, request, using=using)
              ^^^^^^^^^^^^^^^^^^^^^^^^^^^^^^^^^^^^^^^^^^^^^^^^^^^^^^^^^^^^^^^^^^^^^
  File "/home/mauri/uni/antigravity/asistencias/asistencias.2/.venv/lib/python3.12/site-packages/django/template/loader.py", line 62, in render_to_string
    return template.render(context, request)
           ^^^^^^^^^^^^^^^^^^^^^^^^^^^^^^^^^
  File "/home/mauri/uni/antigravity/asistencias/asistencias.2/.venv/lib/python3.12/site-packages/django/template/backends/django.py", line 107, in render
    return self.template.render(context)
           ^^^^^^^^^^^^^^^^^^^^^^^^^^^^^
  File "/home/mauri/uni/antigravity/asistencias/asistencias.2/.venv/lib/python3.12/site-packages/django/template/base.py", line 174, in render
    return self._render(context)
           ^^^^^^^^^^^^^^^^^^^^^
  File "/home/mauri/uni/antigravity/asistencias/asistencias.2/.venv/lib/python3.12/site-packages/django/test/utils.py", line 114, in instrumented_test_render
    return self.nodelist.render(context)
           ^^^^^^^^^^^^^^^^^^^^^^^^^^^^^
  File "/home/mauri/uni/antigravity/asistencias/asistencias.2/.venv/lib/python3.12/site-packages/django/template/base.py", line 1091, in render
    return SafeString("".join([node.render_annotated(context) for node in self]))
                               ^^^^^^^^^^^^^^^^^^^^^^^^^^^^^^
  File "/home/mauri/uni/antigravity/asistencias/asistencias.2/.venv/lib/python3.12/site-packages/django/template/base.py", line 1052, in render_annotated
    return self.render(context)
           ^^^^^^^^^^^^^^^^^^^^
  File "/home/mauri/uni/antigravity/asistencias/asistencias.2/.venv/lib/python3.12/site-packages/django/template/loader_tags.py", line 135, in render
    compiled_parent = self.get_parent(context)
                      ^^^^^^^^^^^^^^^^^^^^^^^^
  File "/home/mauri/uni/antigravity/asistencias/asistencias.2/.venv/lib/python3.12/site-packages/django/template/loader_tags.py", line 132, in get_parent
    return self.find_template(parent, context)
           ^^^^^^^^^^^^^^^^^^^^^^^^^^^^^^^^^^^
  File "/home/mauri/uni/antigravity/asistencias/asistencias.2/.venv/lib/python3.12/site-packages/django/template/loader_tags.py", line 110, in find_template
    template, origin = context.template.engine.find_template(
                       ^^^^^^^^^^^^^^^^^^^^^^^^^^^^^^^^^^^^^^
  File "/home/mauri/uni/antigravity/asistencias/asistencias.2/.venv/lib/python3.12/site-packages/django/template/engine.py", line 159, in find_template
    template = loader.get_template(name, skip=skip)
               ^^^^^^^^^^^^^^^^^^^^^^^^^^^^^^^^^^^^
  File "/home/mauri/uni/antigravity/asistencias/asistencias.2/.venv/lib/python3.12/site-packages/django/template/loaders/cached.py", line 57, in get_template
    template = super().get_template(template_name, skip)
               ^^^^^^^^^^^^^^^^^^^^^^^^^^^^^^^^^^^^^^^^^
  File "/home/mauri/uni/antigravity/asistencias/asistencias.2/.venv/lib/python3.12/site-packages/django/template/loaders/base.py", line 28, in get_template
    return Template(
           ^^^^^^^^^
  File "/home/mauri/uni/antigravity/asistencias/asistencias.2/.venv/lib/python3.12/site-packages/django/template/base.py", line 157, in __init__
    self.nodelist = self.compile_nodelist()
                    ^^^^^^^^^^^^^^^^^^^^^^^
  File "/home/mauri/uni/antigravity/asistencias/asistencias.2/.venv/lib/python3.12/site-packages/django/template/base.py", line 199, in compile_nodelist
    nodelist = parser.parse()
               ^^^^^^^^^^^^^^
  File "/home/mauri/uni/antigravity/asistencias/asistencias.2/.venv/lib/python3.12/site-packages/django/template/base.py", line 579, in parse
    self.invalid_block_tag(token, command, parse_until)
  File "/home/mauri/uni/antigravity/asistencias/asistencias.2/.venv/lib/python3.12/site-packages/django/template/base.py", line 644, in invalid_block_tag
    raise self.error(
django.template.exceptions.TemplateSyntaxError: Template: /home/mauri/uni/antigravity/asistencias/asistencias.2/templates/base.html, Invalid block tag on line 63: 'endif'. Did you forget to register or load this tag?

======================================================================
ERROR: test_referente_cannot_see_create_class_modal (asistencias.tests.test_roles.RoleTests.test_referente_cannot_see_create_class_modal)
----------------------------------------------------------------------
Traceback (most recent call last):
  File "/home/mauri/uni/antigravity/asistencias/asistencias.2/.venv/lib/python3.12/site-packages/django/template/base.py", line 577, in parse
    compile_func = self.tags[command]
                   ~~~~~~~~~^^^^^^^^^
KeyError: 'endif'

During handling of the above exception, another exception occurred:

Traceback (most recent call last):
  File "/home/mauri/uni/antigravity/asistencias/asistencias.2/asistencias/tests/test_roles.py", line 102, in test_referente_cannot_see_create_class_modal
    response = self.client.get(reverse('asistencias:home'))
               ^^^^^^^^^^^^^^^^^^^^^^^^^^^^^^^^^^^^^^^^^^^^
  File "/home/mauri/uni/antigravity/asistencias/asistencias.2/.venv/lib/python3.12/site-packages/django/test/client.py", line 1124, in get
    response = super().get(
               ^^^^^^^^^^^^
  File "/home/mauri/uni/antigravity/asistencias/asistencias.2/.venv/lib/python3.12/site-packages/django/test/client.py", line 475, in get
    return self.generic(
           ^^^^^^^^^^^^^
  File "/home/mauri/uni/antigravity/asistencias/asistencias.2/.venv/lib/python3.12/site-packages/django/test/client.py", line 671, in generic
    return self.request(**r)
           ^^^^^^^^^^^^^^^^^
  File "/home/mauri/uni/antigravity/asistencias/asistencias.2/.venv/lib/python3.12/site-packages/django/test/client.py", line 1087, in request
    self.check_exception(response)
  File "/home/mauri/uni/antigravity/asistencias/asistencias.2/.venv/lib/python3.12/site-packages/django/test/client.py", line 802, in check_exception
    raise exc_value
  File "/home/mauri/uni/antigravity/asistencias/asistencias.2/.venv/lib/python3.12/site-packages/django/core/handlers/exception.py", line 55, in inner
    response = get_response(request)
               ^^^^^^^^^^^^^^^^^^^^^
  File "/home/mauri/uni/antigravity/asistencias/asistencias.2/.venv/lib/python3.12/site-packages/django/core/handlers/base.py", line 198, in _get_response
    response = wrapped_callback(request, *callback_args, **callback_kwargs)
               ^^^^^^^^^^^^^^^^^^^^^^^^^^^^^^^^^^^^^^^^^^^^^^^^^^^^^^^^^^^^
  File "/home/mauri/uni/antigravity/asistencias/asistencias.2/asistencias/views/alumno.py", line 108, in home
    return render(request, 'asistencias/home.html', {
           ^^^^^^^^^^^^^^^^^^^^^^^^^^^^^^^^^^^^^^^^^^
  File "/home/mauri/uni/antigravity/asistencias/asistencias.2/.venv/lib/python3.12/site-packages/django/shortcuts.py", line 25, in render
    content = loader.render_to_string(template_name, context, request, using=using)
              ^^^^^^^^^^^^^^^^^^^^^^^^^^^^^^^^^^^^^^^^^^^^^^^^^^^^^^^^^^^^^^^^^^^^^
  File "/home/mauri/uni/antigravity/asistencias/asistencias.2/.venv/lib/python3.12/site-packages/django/template/loader.py", line 62, in render_to_string
    return template.render(context, request)
           ^^^^^^^^^^^^^^^^^^^^^^^^^^^^^^^^^
  File "/home/mauri/uni/antigravity/asistencias/asistencias.2/.venv/lib/python3.12/site-packages/django/template/backends/django.py", line 107, in render
    return self.template.render(context)
           ^^^^^^^^^^^^^^^^^^^^^^^^^^^^^
  File "/home/mauri/uni/antigravity/asistencias/asistencias.2/.venv/lib/python3.12/site-packages/django/template/base.py", line 174, in render
    return self._render(context)
           ^^^^^^^^^^^^^^^^^^^^^
  File "/home/mauri/uni/antigravity/asistencias/asistencias.2/.venv/lib/python3.12/site-packages/django/test/utils.py", line 114, in instrumented_test_render
    return self.nodelist.render(context)
           ^^^^^^^^^^^^^^^^^^^^^^^^^^^^^
  File "/home/mauri/uni/antigravity/asistencias/asistencias.2/.venv/lib/python3.12/site-packages/django/template/base.py", line 1091, in render
    return SafeString("".join([node.render_annotated(context) for node in self]))
                               ^^^^^^^^^^^^^^^^^^^^^^^^^^^^^^
  File "/home/mauri/uni/antigravity/asistencias/asistencias.2/.venv/lib/python3.12/site-packages/django/template/base.py", line 1052, in render_annotated
    return self.render(context)
           ^^^^^^^^^^^^^^^^^^^^
  File "/home/mauri/uni/antigravity/asistencias/asistencias.2/.venv/lib/python3.12/site-packages/django/template/loader_tags.py", line 135, in render
    compiled_parent = self.get_parent(context)
                      ^^^^^^^^^^^^^^^^^^^^^^^^
  File "/home/mauri/uni/antigravity/asistencias/asistencias.2/.venv/lib/python3.12/site-packages/django/template/loader_tags.py", line 132, in get_parent
    return self.find_template(parent, context)
           ^^^^^^^^^^^^^^^^^^^^^^^^^^^^^^^^^^^
  File "/home/mauri/uni/antigravity/asistencias/asistencias.2/.venv/lib/python3.12/site-packages/django/template/loader_tags.py", line 110, in find_template
    template, origin = context.template.engine.find_template(
                       ^^^^^^^^^^^^^^^^^^^^^^^^^^^^^^^^^^^^^^
  File "/home/mauri/uni/antigravity/asistencias/asistencias.2/.venv/lib/python3.12/site-packages/django/template/engine.py", line 159, in find_template
    template = loader.get_template(name, skip=skip)
               ^^^^^^^^^^^^^^^^^^^^^^^^^^^^^^^^^^^^
  File "/home/mauri/uni/antigravity/asistencias/asistencias.2/.venv/lib/python3.12/site-packages/django/template/loaders/cached.py", line 57, in get_template
    template = super().get_template(template_name, skip)
               ^^^^^^^^^^^^^^^^^^^^^^^^^^^^^^^^^^^^^^^^^
  File "/home/mauri/uni/antigravity/asistencias/asistencias.2/.venv/lib/python3.12/site-packages/django/template/loaders/base.py", line 28, in get_template
    return Template(
           ^^^^^^^^^
  File "/home/mauri/uni/antigravity/asistencias/asistencias.2/.venv/lib/python3.12/site-packages/django/template/base.py", line 157, in __init__
    self.nodelist = self.compile_nodelist()
                    ^^^^^^^^^^^^^^^^^^^^^^^
  File "/home/mauri/uni/antigravity/asistencias/asistencias.2/.venv/lib/python3.12/site-packages/django/template/base.py", line 199, in compile_nodelist
    nodelist = parser.parse()
               ^^^^^^^^^^^^^^
  File "/home/mauri/uni/antigravity/asistencias/asistencias.2/.venv/lib/python3.12/site-packages/django/template/base.py", line 579, in parse
    self.invalid_block_tag(token, command, parse_until)
  File "/home/mauri/uni/antigravity/asistencias/asistencias.2/.venv/lib/python3.12/site-packages/django/template/base.py", line 644, in invalid_block_tag
    raise self.error(
django.template.exceptions.TemplateSyntaxError: Template: /home/mauri/uni/antigravity/asistencias/asistencias.2/templates/base.html, Invalid block tag on line 63: 'endif'. Did you forget to register or load this tag?

======================================================================
ERROR: test_referente_dashboard_access (asistencias.tests.test_roles.RoleTests.test_referente_dashboard_access)
----------------------------------------------------------------------
Traceback (most recent call last):
  File "/home/mauri/uni/antigravity/asistencias/asistencias.2/.venv/lib/python3.12/site-packages/django/template/base.py", line 577, in parse
    compile_func = self.tags[command]
                   ~~~~~~~~~^^^^^^^^^
KeyError: 'endif'

During handling of the above exception, another exception occurred:

Traceback (most recent call last):
  File "/home/mauri/uni/antigravity/asistencias/asistencias.2/asistencias/tests/test_roles.py", line 46, in test_referente_dashboard_access
    response = self.client.get(reverse('asistencias:referente_dashboard'))
               ^^^^^^^^^^^^^^^^^^^^^^^^^^^^^^^^^^^^^^^^^^^^^^^^^^^^^^^^^^^
  File "/home/mauri/uni/antigravity/asistencias/asistencias.2/.venv/lib/python3.12/site-packages/django/test/client.py", line 1124, in get
    response = super().get(
               ^^^^^^^^^^^^
  File "/home/mauri/uni/antigravity/asistencias/asistencias.2/.venv/lib/python3.12/site-packages/django/test/client.py", line 475, in get
    return self.generic(
           ^^^^^^^^^^^^^
  File "/home/mauri/uni/antigravity/asistencias/asistencias.2/.venv/lib/python3.12/site-packages/django/test/client.py", line 671, in generic
    return self.request(**r)
           ^^^^^^^^^^^^^^^^^
  File "/home/mauri/uni/antigravity/asistencias/asistencias.2/.venv/lib/python3.12/site-packages/django/test/client.py", line 1087, in request
    self.check_exception(response)
  File "/home/mauri/uni/antigravity/asistencias/asistencias.2/.venv/lib/python3.12/site-packages/django/test/client.py", line 802, in check_exception
    raise exc_value
  File "/home/mauri/uni/antigravity/asistencias/asistencias.2/.venv/lib/python3.12/site-packages/django/core/handlers/exception.py", line 55, in inner
    response = get_response(request)
               ^^^^^^^^^^^^^^^^^^^^^
  File "/home/mauri/uni/antigravity/asistencias/asistencias.2/.venv/lib/python3.12/site-packages/django/core/handlers/base.py", line 198, in _get_response
    response = wrapped_callback(request, *callback_args, **callback_kwargs)
               ^^^^^^^^^^^^^^^^^^^^^^^^^^^^^^^^^^^^^^^^^^^^^^^^^^^^^^^^^^^^
  File "/home/mauri/uni/antigravity/asistencias/asistencias.2/.venv/lib/python3.12/site-packages/django/contrib/auth/decorators.py", line 59, in _view_wrapper
    return view_func(request, *args, **kwargs)
           ^^^^^^^^^^^^^^^^^^^^^^^^^^^^^^^^^^^
  File "/home/mauri/uni/antigravity/asistencias/asistencias.2/asistencias/permissions.py", line 10, in _wrapped
    return view(request, *args, **kwargs)
           ^^^^^^^^^^^^^^^^^^^^^^^^^^^^^^
  File "/home/mauri/uni/antigravity/asistencias/asistencias.2/asistencias/views/referente.py", line 11, in dashboard
    return render(request, 'asistencias/referente_dashboard.html', {'diplomaturas': diplomaturas})
           ^^^^^^^^^^^^^^^^^^^^^^^^^^^^^^^^^^^^^^^^^^^^^^^^^^^^^^^^^^^^^^^^^^^^^^^^^^^^^^^^^^^^^^^
  File "/home/mauri/uni/antigravity/asistencias/asistencias.2/.venv/lib/python3.12/site-packages/django/shortcuts.py", line 25, in render
    content = loader.render_to_string(template_name, context, request, using=using)
              ^^^^^^^^^^^^^^^^^^^^^^^^^^^^^^^^^^^^^^^^^^^^^^^^^^^^^^^^^^^^^^^^^^^^^
  File "/home/mauri/uni/antigravity/asistencias/asistencias.2/.venv/lib/python3.12/site-packages/django/template/loader.py", line 62, in render_to_string
    return template.render(context, request)
           ^^^^^^^^^^^^^^^^^^^^^^^^^^^^^^^^^
  File "/home/mauri/uni/antigravity/asistencias/asistencias.2/.venv/lib/python3.12/site-packages/django/template/backends/django.py", line 107, in render
    return self.template.render(context)
           ^^^^^^^^^^^^^^^^^^^^^^^^^^^^^
  File "/home/mauri/uni/antigravity/asistencias/asistencias.2/.venv/lib/python3.12/site-packages/django/template/base.py", line 174, in render
    return self._render(context)
           ^^^^^^^^^^^^^^^^^^^^^
  File "/home/mauri/uni/antigravity/asistencias/asistencias.2/.venv/lib/python3.12/site-packages/django/test/utils.py", line 114, in instrumented_test_render
    return self.nodelist.render(context)
           ^^^^^^^^^^^^^^^^^^^^^^^^^^^^^
  File "/home/mauri/uni/antigravity/asistencias/asistencias.2/.venv/lib/python3.12/site-packages/django/template/base.py", line 1091, in render
    return SafeString("".join([node.render_annotated(context) for node in self]))
                               ^^^^^^^^^^^^^^^^^^^^^^^^^^^^^^
  File "/home/mauri/uni/antigravity/asistencias/asistencias.2/.venv/lib/python3.12/site-packages/django/template/base.py", line 1052, in render_annotated
    return self.render(context)
           ^^^^^^^^^^^^^^^^^^^^
  File "/home/mauri/uni/antigravity/asistencias/asistencias.2/.venv/lib/python3.12/site-packages/django/template/loader_tags.py", line 135, in render
    compiled_parent = self.get_parent(context)
                      ^^^^^^^^^^^^^^^^^^^^^^^^
  File "/home/mauri/uni/antigravity/asistencias/asistencias.2/.venv/lib/python3.12/site-packages/django/template/loader_tags.py", line 132, in get_parent
    return self.find_template(parent, context)
           ^^^^^^^^^^^^^^^^^^^^^^^^^^^^^^^^^^^
  File "/home/mauri/uni/antigravity/asistencias/asistencias.2/.venv/lib/python3.12/site-packages/django/template/loader_tags.py", line 110, in find_template
    template, origin = context.template.engine.find_template(
                       ^^^^^^^^^^^^^^^^^^^^^^^^^^^^^^^^^^^^^^
  File "/home/mauri/uni/antigravity/asistencias/asistencias.2/.venv/lib/python3.12/site-packages/django/template/engine.py", line 159, in find_template
    template = loader.get_template(name, skip=skip)
               ^^^^^^^^^^^^^^^^^^^^^^^^^^^^^^^^^^^^
  File "/home/mauri/uni/antigravity/asistencias/asistencias.2/.venv/lib/python3.12/site-packages/django/template/loaders/cached.py", line 57, in get_template
    template = super().get_template(template_name, skip)
               ^^^^^^^^^^^^^^^^^^^^^^^^^^^^^^^^^^^^^^^^^
  File "/home/mauri/uni/antigravity/asistencias/asistencias.2/.venv/lib/python3.12/site-packages/django/template/loaders/base.py", line 28, in get_template
    return Template(
           ^^^^^^^^^
  File "/home/mauri/uni/antigravity/asistencias/asistencias.2/.venv/lib/python3.12/site-packages/django/template/base.py", line 157, in __init__
    self.nodelist = self.compile_nodelist()
                    ^^^^^^^^^^^^^^^^^^^^^^^
  File "/home/mauri/uni/antigravity/asistencias/asistencias.2/.venv/lib/python3.12/site-packages/django/template/base.py", line 199, in compile_nodelist
    nodelist = parser.parse()
               ^^^^^^^^^^^^^^
  File "/home/mauri/uni/antigravity/asistencias/asistencias.2/.venv/lib/python3.12/site-packages/django/template/base.py", line 579, in parse
    self.invalid_block_tag(token, command, parse_until)
  File "/home/mauri/uni/antigravity/asistencias/asistencias.2/.venv/lib/python3.12/site-packages/django/template/base.py", line 644, in invalid_block_tag
    raise self.error(
django.template.exceptions.TemplateSyntaxError: Template: /home/mauri/uni/antigravity/asistencias/asistencias.2/templates/base.html, Invalid block tag on line 63: 'endif'. Did you forget to register or load this tag?

======================================================================
ERROR: test_referente_navigation_link (asistencias.tests.test_roles.RoleTests.test_referente_navigation_link)
----------------------------------------------------------------------
Traceback (most recent call last):
  File "/home/mauri/uni/antigravity/asistencias/asistencias.2/.venv/lib/python3.12/site-packages/django/template/base.py", line 577, in parse
    compile_func = self.tags[command]
                   ~~~~~~~~~^^^^^^^^^
KeyError: 'endif'

During handling of the above exception, another exception occurred:

Traceback (most recent call last):
  File "/home/mauri/uni/antigravity/asistencias/asistencias.2/asistencias/tests/test_roles.py", line 110, in test_referente_navigation_link
    response = self.client.get(reverse('asistencias:home'))
               ^^^^^^^^^^^^^^^^^^^^^^^^^^^^^^^^^^^^^^^^^^^^
  File "/home/mauri/uni/antigravity/asistencias/asistencias.2/.venv/lib/python3.12/site-packages/django/test/client.py", line 1124, in get
    response = super().get(
               ^^^^^^^^^^^^
  File "/home/mauri/uni/antigravity/asistencias/asistencias.2/.venv/lib/python3.12/site-packages/django/test/client.py", line 475, in get
    return self.generic(
           ^^^^^^^^^^^^^
  File "/home/mauri/uni/antigravity/asistencias/asistencias.2/.venv/lib/python3.12/site-packages/django/test/client.py", line 671, in generic
    return self.request(**r)
           ^^^^^^^^^^^^^^^^^
  File "/home/mauri/uni/antigravity/asistencias/asistencias.2/.venv/lib/python3.12/site-packages/django/test/client.py", line 1087, in request
    self.check_exception(response)
  File "/home/mauri/uni/antigravity/asistencias/asistencias.2/.venv/lib/python3.12/site-packages/django/test/client.py", line 802, in check_exception
    raise exc_value
  File "/home/mauri/uni/antigravity/asistencias/asistencias.2/.venv/lib/python3.12/site-packages/django/core/handlers/exception.py", line 55, in inner
    response = get_response(request)
               ^^^^^^^^^^^^^^^^^^^^^
  File "/home/mauri/uni/antigravity/asistencias/asistencias.2/.venv/lib/python3.12/site-packages/django/core/handlers/base.py", line 198, in _get_response
    response = wrapped_callback(request, *callback_args, **callback_kwargs)
               ^^^^^^^^^^^^^^^^^^^^^^^^^^^^^^^^^^^^^^^^^^^^^^^^^^^^^^^^^^^^
  File "/home/mauri/uni/antigravity/asistencias/asistencias.2/asistencias/views/alumno.py", line 108, in home
    return render(request, 'asistencias/home.html', {
           ^^^^^^^^^^^^^^^^^^^^^^^^^^^^^^^^^^^^^^^^^^
  File "/home/mauri/uni/antigravity/asistencias/asistencias.2/.venv/lib/python3.12/site-packages/django/shortcuts.py", line 25, in render
    content = loader.render_to_string(template_name, context, request, using=using)
              ^^^^^^^^^^^^^^^^^^^^^^^^^^^^^^^^^^^^^^^^^^^^^^^^^^^^^^^^^^^^^^^^^^^^^
  File "/home/mauri/uni/antigravity/asistencias/asistencias.2/.venv/lib/python3.12/site-packages/django/template/loader.py", line 62, in render_to_string
    return template.render(context, request)
           ^^^^^^^^^^^^^^^^^^^^^^^^^^^^^^^^^
  File "/home/mauri/uni/antigravity/asistencias/asistencias.2/.venv/lib/python3.12/site-packages/django/template/backends/django.py", line 107, in render
    return self.template.render(context)
           ^^^^^^^^^^^^^^^^^^^^^^^^^^^^^
  File "/home/mauri/uni/antigravity/asistencias/asistencias.2/.venv/lib/python3.12/site-packages/django/template/base.py", line 174, in render
    return self._render(context)
           ^^^^^^^^^^^^^^^^^^^^^
  File "/home/mauri/uni/antigravity/asistencias/asistencias.2/.venv/lib/python3.12/site-packages/django/test/utils.py", line 114, in instrumented_test_render
    return self.nodelist.render(context)
           ^^^^^^^^^^^^^^^^^^^^^^^^^^^^^
  File "/home/mauri/uni/antigravity/asistencias/asistencias.2/.venv/lib/python3.12/site-packages/django/template/base.py", line 1091, in render
    return SafeString("".join([node.render_annotated(context) for node in self]))
                               ^^^^^^^^^^^^^^^^^^^^^^^^^^^^^^
  File "/home/mauri/uni/antigravity/asistencias/asistencias.2/.venv/lib/python3.12/site-packages/django/template/base.py", line 1052, in render_annotated
    return self.render(context)
           ^^^^^^^^^^^^^^^^^^^^
  File "/home/mauri/uni/antigravity/asistencias/asistencias.2/.venv/lib/python3.12/site-packages/django/template/loader_tags.py", line 135, in render
    compiled_parent = self.get_parent(context)
                      ^^^^^^^^^^^^^^^^^^^^^^^^
  File "/home/mauri/uni/antigravity/asistencias/asistencias.2/.venv/lib/python3.12/site-packages/django/template/loader_tags.py", line 132, in get_parent
    return self.find_template(parent, context)
           ^^^^^^^^^^^^^^^^^^^^^^^^^^^^^^^^^^^
  File "/home/mauri/uni/antigravity/asistencias/asistencias.2/.venv/lib/python3.12/site-packages/django/template/loader_tags.py", line 110, in find_template
    template, origin = context.template.engine.find_template(
                       ^^^^^^^^^^^^^^^^^^^^^^^^^^^^^^^^^^^^^^
  File "/home/mauri/uni/antigravity/asistencias/asistencias.2/.venv/lib/python3.12/site-packages/django/template/engine.py", line 159, in find_template
    template = loader.get_template(name, skip=skip)
               ^^^^^^^^^^^^^^^^^^^^^^^^^^^^^^^^^^^^
  File "/home/mauri/uni/antigravity/asistencias/asistencias.2/.venv/lib/python3.12/site-packages/django/template/loaders/cached.py", line 57, in get_template
    template = super().get_template(template_name, skip)
               ^^^^^^^^^^^^^^^^^^^^^^^^^^^^^^^^^^^^^^^^^
  File "/home/mauri/uni/antigravity/asistencias/asistencias.2/.venv/lib/python3.12/site-packages/django/template/loaders/base.py", line 28, in get_template
    return Template(
           ^^^^^^^^^
  File "/home/mauri/uni/antigravity/asistencias/asistencias.2/.venv/lib/python3.12/site-packages/django/template/base.py", line 157, in __init__
    self.nodelist = self.compile_nodelist()
                    ^^^^^^^^^^^^^^^^^^^^^^^
  File "/home/mauri/uni/antigravity/asistencias/asistencias.2/.venv/lib/python3.12/site-packages/django/template/base.py", line 199, in compile_nodelist
    nodelist = parser.parse()
               ^^^^^^^^^^^^^^
  File "/home/mauri/uni/antigravity/asistencias/asistencias.2/.venv/lib/python3.12/site-packages/django/template/base.py", line 579, in parse
    self.invalid_block_tag(token, command, parse_until)
  File "/home/mauri/uni/antigravity/asistencias/asistencias.2/.venv/lib/python3.12/site-packages/django/template/base.py", line 644, in invalid_block_tag
    raise self.error(
django.template.exceptions.TemplateSyntaxError: Template: /home/mauri/uni/antigravity/asistencias/asistencias.2/templates/base.html, Invalid block tag on line 63: 'endif'. Did you forget to register or load this tag?

======================================================================
ERROR: test_referente_read_only_access (asistencias.tests.test_roles.RoleTests.test_referente_read_only_access)
----------------------------------------------------------------------
Traceback (most recent call last):
  File "/home/mauri/uni/antigravity/asistencias/asistencias.2/.venv/lib/python3.12/site-packages/django/template/base.py", line 577, in parse
    compile_func = self.tags[command]
                   ~~~~~~~~~^^^^^^^^^
KeyError: 'endif'

During handling of the above exception, another exception occurred:

Traceback (most recent call last):
  File "/home/mauri/uni/antigravity/asistencias/asistencias.2/asistencias/tests/test_roles.py", line 66, in test_referente_read_only_access
    response = self.client.get(reverse('asistencias:ver_asistencia_clase', args=[self.clase.id]))
               ^^^^^^^^^^^^^^^^^^^^^^^^^^^^^^^^^^^^^^^^^^^^^^^^^^^^^^^^^^^^^^^^^^^^^^^^^^^^^^^^^^
  File "/home/mauri/uni/antigravity/asistencias/asistencias.2/.venv/lib/python3.12/site-packages/django/test/client.py", line 1124, in get
    response = super().get(
               ^^^^^^^^^^^^
  File "/home/mauri/uni/antigravity/asistencias/asistencias.2/.venv/lib/python3.12/site-packages/django/test/client.py", line 475, in get
    return self.generic(
           ^^^^^^^^^^^^^
  File "/home/mauri/uni/antigravity/asistencias/asistencias.2/.venv/lib/python3.12/site-packages/django/test/client.py", line 671, in generic
    return self.request(**r)
           ^^^^^^^^^^^^^^^^^
  File "/home/mauri/uni/antigravity/asistencias/asistencias.2/.venv/lib/python3.12/site-packages/django/test/client.py", line 1087, in request
    self.check_exception(response)
  File "/home/mauri/uni/antigravity/asistencias/asistencias.2/.venv/lib/python3.12/site-packages/django/test/client.py", line 802, in check_exception
    raise exc_value
  File "/home/mauri/uni/antigravity/asistencias/asistencias.2/.venv/lib/python3.12/site-packages/django/core/handlers/exception.py", line 55, in inner
    response = get_response(request)
               ^^^^^^^^^^^^^^^^^^^^^
  File "/home/mauri/uni/antigravity/asistencias/asistencias.2/.venv/lib/python3.12/site-packages/django/core/handlers/base.py", line 198, in _get_response
    response = wrapped_callback(request, *callback_args, **callback_kwargs)
               ^^^^^^^^^^^^^^^^^^^^^^^^^^^^^^^^^^^^^^^^^^^^^^^^^^^^^^^^^^^^
  File "/home/mauri/uni/antigravity/asistencias/asistencias.2/.venv/lib/python3.12/site-packages/django/contrib/auth/decorators.py", line 59, in _view_wrapper
    return view_func(request, *args, **kwargs)
           ^^^^^^^^^^^^^^^^^^^^^^^^^^^^^^^^^^^
  File "/home/mauri/uni/antigravity/asistencias/asistencias.2/asistencias/permissions.py", line 10, in _wrapped
    return view(request, *args, **kwargs)
           ^^^^^^^^^^^^^^^^^^^^^^^^^^^^^^
  File "/home/mauri/uni/antigravity/asistencias/asistencias.2/asistencias/views/referente.py", line 73, in ver_asistencia_clase
    return render(request, 'asistencias/ver_asistencia_clase.html', {
           ^^^^^^^^^^^^^^^^^^^^^^^^^^^^^^^^^^^^^^^^^^^^^^^^^^^^^^^^^^
  File "/home/mauri/uni/antigravity/asistencias/asistencias.2/.venv/lib/python3.12/site-packages/django/shortcuts.py", line 25, in render
    content = loader.render_to_string(template_name, context, request, using=using)
              ^^^^^^^^^^^^^^^^^^^^^^^^^^^^^^^^^^^^^^^^^^^^^^^^^^^^^^^^^^^^^^^^^^^^^
  File "/home/mauri/uni/antigravity/asistencias/asistencias.2/.venv/lib/python3.12/site-packages/django/template/loader.py", line 62, in render_to_string
    return template.render(context, request)
           ^^^^^^^^^^^^^^^^^^^^^^^^^^^^^^^^^
  File "/home/mauri/uni/antigravity/asistencias/asistencias.2/.venv/lib/python3.12/site-packages/django/template/backends/django.py", line 107, in render
    return self.template.render(context)
           ^^^^^^^^^^^^^^^^^^^^^^^^^^^^^
  File "/home/mauri/uni/antigravity/asistencias/asistencias.2/.venv/lib/python3.12/site-packages/django/template/base.py", line 174, in render
    return self._render(context)
           ^^^^^^^^^^^^^^^^^^^^^
  File "/home/mauri/uni/antigravity/asistencias/asistencias.2/.venv/lib/python3.12/site-packages/django/test/utils.py", line 114, in instrumented_test_render
    return self.nodelist.render(context)
           ^^^^^^^^^^^^^^^^^^^^^^^^^^^^^
  File "/home/mauri/uni/antigravity/asistencias/asistencias.2/.venv/lib/python3.12/site-packages/django/template/base.py", line 1091, in render
    return SafeString("".join([node.render_annotated(context) for node in self]))
                               ^^^^^^^^^^^^^^^^^^^^^^^^^^^^^^
  File "/home/mauri/uni/antigravity/asistencias/asistencias.2/.venv/lib/python3.12/site-packages/django/template/base.py", line 1052, in render_annotated
    return self.render(context)
           ^^^^^^^^^^^^^^^^^^^^
  File "/home/mauri/uni/antigravity/asistencias/asistencias.2/.venv/lib/python3.12/site-packages/django/template/loader_tags.py", line 135, in render
    compiled_parent = self.get_parent(context)
                      ^^^^^^^^^^^^^^^^^^^^^^^^
  File "/home/mauri/uni/antigravity/asistencias/asistencias.2/.venv/lib/python3.12/site-packages/django/template/loader_tags.py", line 132, in get_parent
    return self.find_template(parent, context)
           ^^^^^^^^^^^^^^^^^^^^^^^^^^^^^^^^^^^
  File "/home/mauri/uni/antigravity/asistencias/asistencias.2/.venv/lib/python3.12/site-packages/django/template/loader_tags.py", line 110, in find_template
    template, origin = context.template.engine.find_template(
                       ^^^^^^^^^^^^^^^^^^^^^^^^^^^^^^^^^^^^^^
  File "/home/mauri/uni/antigravity/asistencias/asistencias.2/.venv/lib/python3.12/site-packages/django/template/engine.py", line 159, in find_template
    template = loader.get_template(name, skip=skip)
               ^^^^^^^^^^^^^^^^^^^^^^^^^^^^^^^^^^^^
  File "/home/mauri/uni/antigravity/asistencias/asistencias.2/.venv/lib/python3.12/site-packages/django/template/loaders/cached.py", line 57, in get_template
    template = super().get_template(template_name, skip)
               ^^^^^^^^^^^^^^^^^^^^^^^^^^^^^^^^^^^^^^^^^
  File "/home/mauri/uni/antigravity/asistencias/asistencias.2/.venv/lib/python3.12/site-packages/django/template/loaders/base.py", line 28, in get_template
    return Template(
           ^^^^^^^^^
  File "/home/mauri/uni/antigravity/asistencias/asistencias.2/.venv/lib/python3.12/site-packages/django/template/base.py", line 157, in __init__
    self.nodelist = self.compile_nodelist()
                    ^^^^^^^^^^^^^^^^^^^^^^^
  File "/home/mauri/uni/antigravity/asistencias/asistencias.2/.venv/lib/python3.12/site-packages/django/template/base.py", line 199, in compile_nodelist
    nodelist = parser.parse()
               ^^^^^^^^^^^^^^
  File "/home/mauri/uni/antigravity/asistencias/asistencias.2/.venv/lib/python3.12/site-packages/django/template/base.py", line 579, in parse
    self.invalid_block_tag(token, command, parse_until)
  File "/home/mauri/uni/antigravity/asistencias/asistencias.2/.venv/lib/python3.12/site-packages/django/template/base.py", line 644, in invalid_block_tag
    raise self.error(
django.template.exceptions.TemplateSyntaxError: Template: /home/mauri/uni/antigravity/asistencias/asistencias.2/templates/base.html, Invalid block tag on line 63: 'endif'. Did you forget to register or load this tag?

======================================================================
ERROR: test_supervisor_switch_role (asistencias.tests.test_roles.RoleTests.test_supervisor_switch_role)
----------------------------------------------------------------------
Traceback (most recent call last):
  File "/home/mauri/uni/antigravity/asistencias/asistencias.2/.venv/lib/python3.12/site-packages/django/template/base.py", line 577, in parse
    compile_func = self.tags[command]
                   ~~~~~~~~~^^^^^^^^^
KeyError: 'endif'

During handling of the above exception, another exception occurred:

Traceback (most recent call last):
  File "/home/mauri/uni/antigravity/asistencias/asistencias.2/asistencias/tests/test_roles.py", line 30, in test_supervisor_switch_role
    response = self.client.get(reverse('asistencias:home'))
               ^^^^^^^^^^^^^^^^^^^^^^^^^^^^^^^^^^^^^^^^^^^^
  File "/home/mauri/uni/antigravity/asistencias/asistencias.2/.venv/lib/python3.12/site-packages/django/test/client.py", line 1124, in get
    response = super().get(
               ^^^^^^^^^^^^
  File "/home/mauri/uni/antigravity/asistencias/asistencias.2/.venv/lib/python3.12/site-packages/django/test/client.py", line 475, in get
    return self.generic(
           ^^^^^^^^^^^^^
  File "/home/mauri/uni/antigravity/asistencias/asistencias.2/.venv/lib/python3.12/site-packages/django/test/client.py", line 671, in generic
    return self.request(**r)
           ^^^^^^^^^^^^^^^^^
  File "/home/mauri/uni/antigravity/asistencias/asistencias.2/.venv/lib/python3.12/site-packages/django/test/client.py", line 1087, in request
    self.check_exception(response)
  File "/home/mauri/uni/antigravity/asistencias/asistencias.2/.venv/lib/python3.12/site-packages/django/test/client.py", line 802, in check_exception
    raise exc_value
  File "/home/mauri/uni/antigravity/asistencias/asistencias.2/.venv/lib/python3.12/site-packages/django/core/handlers/exception.py", line 55, in inner
    response = get_response(request)
               ^^^^^^^^^^^^^^^^^^^^^
  File "/home/mauri/uni/antigravity/asistencias/asistencias.2/.venv/lib/python3.12/site-packages/django/core/handlers/base.py", line 198, in _get_response
    response = wrapped_callback(request, *callback_args, **callback_kwargs)
               ^^^^^^^^^^^^^^^^^^^^^^^^^^^^^^^^^^^^^^^^^^^^^^^^^^^^^^^^^^^^
  File "/home/mauri/uni/antigravity/asistencias/asistencias.2/asistencias/views/alumno.py", line 108, in home
    return render(request, 'asistencias/home.html', {
           ^^^^^^^^^^^^^^^^^^^^^^^^^^^^^^^^^^^^^^^^^^
  File "/home/mauri/uni/antigravity/asistencias/asistencias.2/.venv/lib/python3.12/site-packages/django/shortcuts.py", line 25, in render
    content = loader.render_to_string(template_name, context, request, using=using)
              ^^^^^^^^^^^^^^^^^^^^^^^^^^^^^^^^^^^^^^^^^^^^^^^^^^^^^^^^^^^^^^^^^^^^^
  File "/home/mauri/uni/antigravity/asistencias/asistencias.2/.venv/lib/python3.12/site-packages/django/template/loader.py", line 62, in render_to_string
    return template.render(context, request)
           ^^^^^^^^^^^^^^^^^^^^^^^^^^^^^^^^^
  File "/home/mauri/uni/antigravity/asistencias/asistencias.2/.venv/lib/python3.12/site-packages/django/template/backends/django.py", line 107, in render
    return self.template.render(context)
           ^^^^^^^^^^^^^^^^^^^^^^^^^^^^^
  File "/home/mauri/uni/antigravity/asistencias/asistencias.2/.venv/lib/python3.12/site-packages/django/template/base.py", line 174, in render
    return self._render(context)
           ^^^^^^^^^^^^^^^^^^^^^
  File "/home/mauri/uni/antigravity/asistencias/asistencias.2/.venv/lib/python3.12/site-packages/django/test/utils.py", line 114, in instrumented_test_render
    return self.nodelist.render(context)
           ^^^^^^^^^^^^^^^^^^^^^^^^^^^^^
  File "/home/mauri/uni/antigravity/asistencias/asistencias.2/.venv/lib/python3.12/site-packages/django/template/base.py", line 1091, in render
    return SafeString("".join([node.render_annotated(context) for node in self]))
                               ^^^^^^^^^^^^^^^^^^^^^^^^^^^^^^
  File "/home/mauri/uni/antigravity/asistencias/asistencias.2/.venv/lib/python3.12/site-packages/django/template/base.py", line 1052, in render_annotated
    return self.render(context)
           ^^^^^^^^^^^^^^^^^^^^
  File "/home/mauri/uni/antigravity/asistencias/asistencias.2/.venv/lib/python3.12/site-packages/django/template/loader_tags.py", line 135, in render
    compiled_parent = self.get_parent(context)
                      ^^^^^^^^^^^^^^^^^^^^^^^^
  File "/home/mauri/uni/antigravity/asistencias/asistencias.2/.venv/lib/python3.12/site-packages/django/template/loader_tags.py", line 132, in get_parent
    return self.find_template(parent, context)
           ^^^^^^^^^^^^^^^^^^^^^^^^^^^^^^^^^^^
  File "/home/mauri/uni/antigravity/asistencias/asistencias.2/.venv/lib/python3.12/site-packages/django/template/loader_tags.py", line 110, in find_template
    template, origin = context.template.engine.find_template(
                       ^^^^^^^^^^^^^^^^^^^^^^^^^^^^^^^^^^^^^^
  File "/home/mauri/uni/antigravity/asistencias/asistencias.2/.venv/lib/python3.12/site-packages/django/template/engine.py", line 159, in find_template
    template = loader.get_template(name, skip=skip)
               ^^^^^^^^^^^^^^^^^^^^^^^^^^^^^^^^^^^^
  File "/home/mauri/uni/antigravity/asistencias/asistencias.2/.venv/lib/python3.12/site-packages/django/template/loaders/cached.py", line 57, in get_template
    template = super().get_template(template_name, skip)
               ^^^^^^^^^^^^^^^^^^^^^^^^^^^^^^^^^^^^^^^^^
  File "/home/mauri/uni/antigravity/asistencias/asistencias.2/.venv/lib/python3.12/site-packages/django/template/loaders/base.py", line 28, in get_template
    return Template(
           ^^^^^^^^^
  File "/home/mauri/uni/antigravity/asistencias/asistencias.2/.venv/lib/python3.12/site-packages/django/template/base.py", line 157, in __init__
    self.nodelist = self.compile_nodelist()
                    ^^^^^^^^^^^^^^^^^^^^^^^
  File "/home/mauri/uni/antigravity/asistencias/asistencias.2/.venv/lib/python3.12/site-packages/django/template/base.py", line 199, in compile_nodelist
    nodelist = parser.parse()
               ^^^^^^^^^^^^^^
  File "/home/mauri/uni/antigravity/asistencias/asistencias.2/.venv/lib/python3.12/site-packages/django/template/base.py", line 579, in parse
    self.invalid_block_tag(token, command, parse_until)
  File "/home/mauri/uni/antigravity/asistencias/asistencias.2/.venv/lib/python3.12/site-packages/django/template/base.py", line 644, in invalid_block_tag
    raise self.error(
django.template.exceptions.TemplateSyntaxError: Template: /home/mauri/uni/antigravity/asistencias/asistencias.2/templates/base.html, Invalid block tag on line 63: 'endif'. Did you forget to register or load this tag?

----------------------------------------------------------------------
Ran 10 tests in 190.901s

FAILED (errors=7)
Destroying test database for alias 'default'...
Found 10 test(s).
